<?xml version="1.0" encoding="UTF-8"?>
<testsuite name="com.bridgelabs.WeightMeasurementTest" tests="8" skipped="0" failures="0" errors="0" timestamp="2021-11-08T05:18:47" hostname="LAPTOP-V004507B" time="0.032">
  <properties/>
  <testcase name="given0GramAnd0GramFromDiffType_ShouldReturnNotEqualWeight()" classname="com.bridgelabs.WeightMeasurementTest" time="0.019"/>
  <testcase name="given0GramAnd0Gram_ShouldReturnEqualWeight()" classname="com.bridgelabs.WeightMeasurementTest" time="0.002"/>
  <testcase name="given0GramAnd1Gram_ShouldReturnNotEqualWeight()" classname="com.bridgelabs.WeightMeasurementTest" time="0.001"/>
  <testcase name="given1TonneAnd1000Gram_WhenAdded_ShouldReturn1001KG()" classname="com.bridgelabs.WeightMeasurementTest" time="0.001"/>
  <testcase name="given0GramAndNull_ShouldReturnNotEqualWeight()" classname="com.bridgelabs.WeightMeasurementTest" time="0.001"/>
  <testcase name="given0GramAnd0GramFromDiffRef_ShouldReturnNotEqualWeight()" classname="com.bridgelabs.WeightMeasurementTest" time="0.002"/>
  <testcase name="given1TonneAnd1000KG_WhenCompared_ShouldReturnEqualWeight()" classname="com.bridgelabs.WeightMeasurementTest" time="0.001"/>
  <testcase name="given1KGAnd1000Gram_WhenCompared_ShouldReturnEqualWeight()" classname="com.bridgelabs.WeightMeasurementTest" time="0.001"/>
  <system-out><![CDATA[]]></system-out>
  <system-err><![CDATA[]]></system-err>
</testsuite>
